Thu Apr 30 07:54:27 2026
    xus    login
Thu Apr 30 07:54:27 2026
    xus    create database succeeded
Thu Apr 30 07:54:27 2026
    xus    use database success
Thu Apr 30 07:54:27 2026
    xus    table create succeeded
Thu Apr 30 07:54:27 2026
    xus    data inserted
Thu Apr 30 07:54:27 2026
    xus    data inserted
Thu Apr 30 07:54:27 2026
    xus    1 alice 
Thu Apr 30 07:54:27 2026
    xus    2 bob 
Thu Apr 30 07:54:27 2026
    xus    1 alice 0 
Thu Apr 30 07:54:27 2026
    xus    2 bob 0 
Thu Apr 30 07:54:27 2026
    xus    data inserted
Thu Apr 30 07:54:27 2026
    xus    1 alice 0 
Thu Apr 30 07:54:27 2026
    xus    2 bob 0 
Thu Apr 30 07:54:27 2026
    xus    3 charlie 25 
Thu Apr 30 07:54:27 2026
    xus    1 0 
Thu Apr 30 07:54:27 2026
    xus    2 0 
Thu Apr 30 07:54:27 2026
    xus    3 25 
